# JRE version: Java(TM) SE Runtime Environment (8.0_40-b25) (build 1.8.0_40-b25)
# Java VM: Java HotSpot(TM) 64-Bit Server VM (25.40-b25 mixed mode windows-amd64 compressed oops)
Heap:
 PSYoungGen      total 24576K, used 12175K [0x00000000eab80000, 0x00000000eca00000, 0x0000000100000000)
  eden space 19968K, 45% used [0x00000000eab80000,0x00000000eb460fa8,0x00000000ebf00000)
  from space 4608K, 66% used [0x00000000ec100000,0x00000000ec402f08,0x00000000ec580000)
  to   space 2048K, 0% used [0x00000000ec800000,0x00000000ec800000,0x00000000eca00000)
 ParOldGen       total 25600K, used 4460K [0x00000000c0200000, 0x00000000c1b00000, 0x00000000eab80000)
  object space 25600K, 17% used [0x00000000c0200000,0x00000000c065b1c8,0x00000000c1b00000)
 Metaspace       used 18929K, capacity 19424K, committed 19712K, reserved 1067008K
  class space    used 2554K, capacity 2711K, committed 2816K, reserved 1048576K
GC Heap History (10 events):
Event: 3.820 GC heap before
{Heap before GC invocations=7 (full 1):
 PSYoungGen      total 18944K, used 16384K [0x00000000eab80000, 0x00000000ec080000, 0x0000000100000000)
  eden space 16384K, 100% used [0x00000000eab80000,0x00000000ebb80000,0x00000000ebb80000)
  from space 2560K, 0% used [0x00000000ebb80000,0x00000000ebb80000,0x00000000ebe00000)
  to   space 2560K, 0% used [0x00000000ebe00000,0x00000000ebe00000,0x00000000ec080000)
 ParOldGen       total 25600K, used 3478K [0x00000000c0200000, 0x00000000c1b00000, 0x00000000eab80000)
  object space 25600K, 13% used [0x00000000c0200000,0x00000000c0565ab8,0x00000000c1b00000)
 Metaspace       used 13413K, capacity 13848K, committed 13952K, reserved 1062912K
  class space    used 1776K, capacity 1901K, committed 1920K, reserved 1048576K
Event: 3.828 GC heap after
Heap after GC invocations=7 (full 1):
 PSYoungGen      total 16896K, used 1566K [0x00000000eab80000, 0x00000000ed080000, 0x0000000100000000)
  eden space 14336K, 0% used [0x00000000eab80000,0x00000000eab80000,0x00000000eb980000)
  from space 2560K, 61% used [0x00000000ebe00000,0x00000000ebf87ab8,0x00000000ec080000)
  to   space 4608K, 0% used [0x00000000eb980000,0x00000000eb980000,0x00000000ebe00000)
 ParOldGen       total 25600K, used 3478K [0x00000000c0200000, 0x00000000c1b00000, 0x00000000eab80000)
  object space 25600K, 13% used [0x00000000c0200000,0x00000000c0565ab8,0x00000000c1b00000)
 Metaspace       used 13413K, capacity 13848K, committed 13952K, reserved 1062912K
  class space    used 1776K, capacity 1901K, committed 1920K, reserved 1048576K
}
Event: 4.142 GC heap before
{Heap before GC invocations=8 (full 1):
 PSYoungGen      total 16896K, used 15120K [0x00000000eab80000, 0x00000000ed080000, 0x0000000100000000)
  eden space 14336K, 94% used [0x00000000eab80000,0x00000000eb8bc608,0x00000000eb980000)
  from space 2560K, 61% used [0x00000000ebe00000,0x00000000ebf87ab8,0x00000000ec080000)
  to   space 4608K, 0% used [0x00000000eb980000,0x00000000eb980000,0x00000000ebe00000)
 ParOldGen       total 25600K, used 3478K [0x00000000c0200000, 0x00000000c1b00000, 0x00000000eab80000)
  object space 25600K, 13% used [0x00000000c0200000,0x00000000c0565ab8,0x00000000c1b00000)
 Metaspace       used 14436K, capacity 14852K, committed 14976K, reserved 1067008K
  class space    used 1966K, capacity 2103K, committed 2176K, reserved 1048576K
Event: 4.152 GC heap after
Heap after GC invocations=8 (full 1):
 PSYoungGen      total 18944K, used 1797K [0x00000000eab80000, 0x00000000ecc80000, 0x0000000100000000)
  eden space 14336K, 0% used [0x00000000eab80000,0x00000000eab80000,0x00000000eb980000)
  from space 4608K, 39% used [0x00000000eb980000,0x00000000ebb417a8,0x00000000ebe00000)
  to   space 4608K, 0% used [0x00000000ec800000,0x00000000ec800000,0x00000000ecc80000)
 ParOldGen       total 25600K, used 3478K [0x00000000c0200000, 0x00000000c1b00000, 0x00000000eab80000)
  object space 25600K, 13% used [0x00000000c0200000,0x00000000c0565ab8,0x00000000c1b00000)
 Metaspace       used 14436K, capacity 14852K, committed 14976K, reserved 1067008K
  class space    used 1966K, capacity 2103K, committed 2176K, reserved 1048576K
}
Event: 4.152 GC heap before
{Heap before GC invocations=9 (full 2):
 PSYoungGen      total 18944K, used 1797K [0x00000000eab80000, 0x00000000ecc80000, 0x0000000100000000)
  eden space 14336K, 0% used [0x00000000eab80000,0x00000000eab80000,0x00000000eb980000)
  from space 4608K, 39% used [0x00000000eb980000,0x00000000ebb417a8,0x00000000ebe00000)
  to   space 4608K, 0% used [0x00000000ec800000,0x00000000ec800000,0x00000000ecc80000)
 ParOldGen       total 25600K, used 3478K [0x00000000c0200000, 0x00000000c1b00000, 0x00000000eab80000)
  object space 25600K, 13% used [0x00000000c0200000,0x00000000c0565ab8,0x00000000c1b00000)
 Metaspace       used 14436K, capacity 14852K, committed 14976K, reserved 1067008K
  class space    used 1966K, capacity 2103K, committed 2176K, reserved 1048576K
Event: 4.284 GC heap after
Heap after GC invocations=9 (full 2):
 PSYoungGen      total 18944K, used 0K [0x00000000eab80000, 0x00000000ecc80000, 0x0000000100000000)
  eden space 14336K, 0% used [0x00000000eab80000,0x00000000eab80000,0x00000000eb980000)
  from space 4608K, 0% used [0x00000000eb980000,0x00000000eb980000,0x00000000ebe00000)
  to   space 4608K, 0% used [0x00000000ec800000,0x00000000ec800000,0x00000000ecc80000)
 ParOldGen       total 25600K, used 4460K [0x00000000c0200000, 0x00000000c1b00000, 0x00000000eab80000)
  object space 25600K, 17% used [0x00000000c0200000,0x00000000c065b1c8,0x00000000c1b00000)
 Metaspace       used 14436K, capacity 14852K, committed 14976K, reserved 1064960K
  class space    used 1966K, capacity 2103K, committed 2176K, reserved 1048576K
}
Event: 4.489 GC heap before
{Heap before GC invocations=10 (full 2):
 PSYoungGen      total 18944K, used 14336K [0x00000000eab80000, 0x00000000ecc80000, 0x0000000100000000)
  eden space 14336K, 100% used [0x00000000eab80000,0x00000000eb980000,0x00000000eb980000)
  from space 4608K, 0% used [0x00000000eb980000,0x00000000eb980000,0x00000000ebe00000)
  to   space 4608K, 0% used [0x00000000ec800000,0x00000000ec800000,0x00000000ecc80000)
 ParOldGen       total 25600K, used 4460K [0x00000000c0200000, 0x00000000c1b00000, 0x00000000eab80000)
  object space 25600K, 17% used [0x00000000c0200000,0x00000000c065b1c8,0x00000000c1b00000)
 Metaspace       used 15422K, capacity 15836K, committed 16128K, reserved 1064960K
  class space    used 2128K, capacity 2239K, committed 2304K, reserved 1048576K
Event: 4.496 GC heap after
Heap after GC invocations=10 (full 2):
 PSYoungGen      total 22016K, used 1536K [0x00000000eab80000, 0x00000000eca00000, 0x0000000100000000)
  eden space 19968K, 0% used [0x00000000eab80000,0x00000000eab80000,0x00000000ebf00000)
  from space 2048K, 75% used [0x00000000ec800000,0x00000000ec980020,0x00000000eca00000)
  to   space 4608K, 0% used [0x00000000ec100000,0x00000000ec100000,0x00000000ec580000)
 ParOldGen       total 25600K, used 4460K [0x00000000c0200000, 0x00000000c1b00000, 0x00000000eab80000)
  object space 25600K, 17% used [0x00000000c0200000,0x00000000c065b1c8,0x00000000c1b00000)
 Metaspace       used 15422K, capacity 15836K, committed 16128K, reserved 1064960K
  class space    used 2128K, capacity 2239K, committed 2304K, reserved 1048576K
}
Event: 4.775 GC heap before
{Heap before GC invocations=11 (full 2):
 PSYoungGen      total 22016K, used 21504K [0x00000000eab80000, 0x00000000eca00000, 0x0000000100000000)
  eden space 19968K, 100% used [0x00000000eab80000,0x00000000ebf00000,0x00000000ebf00000)
  from space 2048K, 75% used [0x00000000ec800000,0x00000000ec980020,0x00000000eca00000)
  to   space 4608K, 0% used [0x00000000ec100000,0x00000000ec100000,0x00000000ec580000)
 ParOldGen       total 25600K, used 4460K [0x00000000c0200000, 0x00000000c1b00000, 0x00000000eab80000)
  object space 25600K, 17% used [0x00000000c0200000,0x00000000c065b1c8,0x00000000c1b00000)
 Metaspace       used 17788K, capacity 18302K, committed 18560K, reserved 1067008K
  class space    used 2417K, capacity 2568K, committed 2688K, reserved 1048576K
Event: 4.786 GC heap after
Heap after GC invocations=11 (full 2):
 PSYoungGen      total 24576K, used 3083K [0x00000000eab80000, 0x00000000eca00000, 0x0000000100000000)
  eden space 19968K, 0% used [0x00000000eab80000,0x00000000eab80000,0x00000000ebf00000)
  from space 4608K, 66% used [0x00000000ec100000,0x00000000ec402f08,0x00000000ec580000)
  to   space 2048K, 0% used [0x00000000ec800000,0x00000000ec800000,0x00000000eca00000)
 ParOldGen       total 25600K, used 4460K [0x00000000c0200000, 0x00000000c1b00000, 0x00000000eab80000)
  object space 25600K, 17% used [0x00000000c0200000,0x00000000c065b1c8,0x00000000c1b00000)
 Metaspace       used 17788K, capacity 18302K, committed 18560K, reserved 1067008K
  class space    used 2417K, capacity 2568K, committed 2688K, reserved 1048576K
}

